<?xml version="1.0" encoding="UTF-8"?>
<testng-results ignored="0" total="4" passed="4" failed="0" skipped="0">
  <reporter-output>
  </reporter-output>
  <suite started-at="2024-05-07T18:56:54 IST" name="Default suite" finished-at="2024-05-07T19:00:40 IST" duration-ms="225256">
    <groups>
      <group name="cucumber">
        <method signature="AbstractTestNGCucumberTests.runScenario(io.cucumber.testng.PickleWrapper,io.cucumber.testng.FeatureWrapper)[pri:0, instance:TestRunner.TestRunner@7a35b0f5]" name="runScenario" class="io.cucumber.testng.AbstractTestNGCucumberTests"/>
      </group> <!-- cucumber -->
    </groups>
    <test started-at="2024-05-07T18:56:54 IST" name="Default test" finished-at="2024-05-07T19:00:40 IST" duration-ms="225256">
      <class name="TestRunner.TestRunner">
        <test-method is-config="true" signature="setUpClass(org.testng.ITestContext)[pri:0, instance:TestRunner.TestRunner@7a35b0f5]" started-at="2024-05-07T18:56:54 IST" name="setUpClass" finished-at="2024-05-07T18:56:55 IST" duration-ms="1039" status="PASS">
          <params>
            <param index="0">
              <value>
                <![CDATA[org.testng.TestRunner@d0865a3]]>
              </value>
            </param>
          </params>
          <reporter-output>
          </reporter-output>
        </test-method> <!-- setUpClass -->
        <test-method signature="runScenario(io.cucumber.testng.PickleWrapper,io.cucumber.testng.FeatureWrapper)[pri:0, instance:TestRunner.TestRunner@7a35b0f5]" started-at="2024-05-07T18:56:55 IST" name="runScenario" description="Runs Cucumber Scenarios" data-provider="scenarios" finished-at="2024-05-07T18:58:32 IST" duration-ms="96579" status="PASS">
          <params>
            <param index="0">
              <value>
                <![CDATA["Verify title of the homepage"]]>
              </value>
            </param>
            <param index="1">
              <value>
                <![CDATA["Verify functionality of the-internet.herokuapp.com website"]]>
              </value>
            </param>
          </params>
          <reporter-output>
          </reporter-output>
        </test-method> <!-- runScenario -->
        <test-method signature="runScenario(io.cucumber.testng.PickleWrapper,io.cucumber.testng.FeatureWrapper)[pri:0, instance:TestRunner.TestRunner@7a35b0f5]" started-at="2024-05-07T18:58:32 IST" name="runScenario" description="Runs Cucumber Scenarios" data-provider="scenarios" finished-at="2024-05-07T18:58:33 IST" duration-ms="1368" status="PASS">
          <params>
            <param index="0">
              <value>
                <![CDATA["Verify A/B Testing link"]]>
              </value>
            </param>
            <param index="1">
              <value>
                <![CDATA["Verify functionality of the-internet.herokuapp.com website"]]>
              </value>
            </param>
          </params>
          <reporter-output>
          </reporter-output>
        </test-method> <!-- runScenario -->
        <test-method signature="runScenario(io.cucumber.testng.PickleWrapper,io.cucumber.testng.FeatureWrapper)[pri:0, instance:TestRunner.TestRunner@7a35b0f5]" started-at="2024-05-07T18:58:33 IST" name="runScenario" description="Runs Cucumber Scenarios" data-provider="scenarios" finished-at="2024-05-07T18:59:46 IST" duration-ms="72130" status="PASS">
          <params>
            <param index="0">
              <value>
                <![CDATA["Verify dropdown functionality"]]>
              </value>
            </param>
            <param index="1">
              <value>
                <![CDATA["Verify functionality of the-internet.herokuapp.com website"]]>
              </value>
            </param>
          </params>
          <reporter-output>
          </reporter-output>
        </test-method> <!-- runScenario -->
        <test-method signature="runScenario(io.cucumber.testng.PickleWrapper,io.cucumber.testng.FeatureWrapper)[pri:0, instance:TestRunner.TestRunner@7a35b0f5]" started-at="2024-05-07T18:59:46 IST" name="runScenario" description="Runs Cucumber Scenarios" data-provider="scenarios" finished-at="2024-05-07T19:00:40 IST" duration-ms="53920" status="PASS">
          <params>
            <param index="0">
              <value>
                <![CDATA["Verify Frames page"]]>
              </value>
            </param>
            <param index="1">
              <value>
                <![CDATA["Verify functionality of the-internet.herokuapp.com website"]]>
              </value>
            </param>
          </params>
          <reporter-output>
          </reporter-output>
        </test-method> <!-- runScenario -->
        <test-method is-config="true" signature="tearDownClass()[pri:0, instance:TestRunner.TestRunner@7a35b0f5]" started-at="2024-05-07T19:00:40 IST" name="tearDownClass" finished-at="2024-05-07T19:00:40 IST" duration-ms="92" status="PASS">
          <reporter-output>
          </reporter-output>
        </test-method> <!-- tearDownClass -->
      </class> <!-- TestRunner.TestRunner -->
    </test> <!-- Default test -->
  </suite> <!-- Default suite -->
</testng-results>
